{"/Users/Jenny/code/github.com/sharkthefire/typescript-blog-tutorial/src/Article.ts": {"path":"/Users/Jenny/code/github.com/sharkthefire/typescript-blog-tutorial/src/Article.ts","statementMap":{"0":{"start":{"line":2,"column":0},"end":{"line":2,"column":62}},"1":{"start":{"line":3,"column":29},"end":{"line":29,"column":3}},"2":{"start":{"line":5,"column":8},"end":{"line":5,"column":29}},"3":{"start":{"line":7,"column":4},"end":{"line":13,"column":7}},"4":{"start":{"line":9,"column":12},"end":{"line":9,"column":40}},"5":{"start":{"line":14,"column":4},"end":{"line":20,"column":7}},"6":{"start":{"line":16,"column":12},"end":{"line":16,"column":39}},"7":{"start":{"line":21,"column":4},"end":{"line":27,"column":7}},"8":{"start":{"line":23,"column":12},"end":{"line":23,"column":38}},"9":{"start":{"line":28,"column":4},"end":{"line":28,"column":19}},"10":{"start":{"line":30,"column":0},"end":{"line":30,"column":26}}},"fnMap":{"0":{"name":"(anonymous_0)","decl":{"start":{"line":3,"column":29},"end":{"line":3,"column":30}},"loc":{"start":{"line":3,"column":41},"end":{"line":29,"column":1}},"line":3},"1":{"name":"Article","decl":{"start":{"line":4,"column":13},"end":{"line":4,"column":20}},"loc":{"start":{"line":4,"column":29},"end":{"line":6,"column":5}},"line":4},"2":{"name":"(anonymous_2)","decl":{"start":{"line":8,"column":13},"end":{"line":8,"column":14}},"loc":{"start":{"line":8,"column":25},"end":{"line":10,"column":9}},"line":8},"3":{"name":"(anonymous_3)","decl":{"start":{"line":15,"column":13},"end":{"line":15,"column":14}},"loc":{"start":{"line":15,"column":25},"end":{"line":17,"column":9}},"line":15},"4":{"name":"(anonymous_4)","decl":{"start":{"line":22,"column":13},"end":{"line":22,"column":14}},"loc":{"start":{"line":22,"column":25},"end":{"line":24,"column":9}},"line":22}},"branchMap":{},"s":{"0":3,"1":3,"2":8,"3":3,"4":1,"5":3,"6":1,"7":3,"8":2,"9":3,"10":3},"f":{"0":3,"1":8,"2":1,"3":1,"4":2},"b":{},"inputSourceMap":{"version":3,"file":"Article.js","sourceRoot":"","sources":["Article.ts"],"names":[],"mappings":";;AAQA;IAEI,iBAA2B,MAAc;QAAd,WAAM,GAAN,MAAM,CAAQ;IAAI,CAAC;IAE9C,sBAAW,6BAAQ;aAAnB;YACI,MAAM,CAAC,IAAI,CAAC,MAAM,CAAC,QAAQ,CAAA;QAC/B,CAAC;;;OAAA;IAED,sBAAW,4BAAO;aAAlB;YACI,MAAM,CAAC,IAAI,CAAC,MAAM,CAAC,OAAO,CAAA;QAC9B,CAAC;;;OAAA;IAED,sBAAW,2BAAM;aAAjB;YACI,MAAM,CAAC,IAAI,CAAC,MAAM,CAAC,MAAM,CAAA;QAC7B,CAAC;;;OAAA;IACL,cAAC;AAAD,CAAC,AAfD,IAeC","sourcesContent":["import Author from './Author'\n\ninterface Config {\n    headline: string\n    content: string\n    author: Author\n}\n\nexport default class Article {\n\n    public constructor(private config: Config) { }\n\n    public get headline(): string {\n        return this.config.headline\n    }\n\n    public get content(): string {\n        return this.config.content\n    }\n\n    public get author(): Author {\n        return this.config.author\n    }\n}\n\n\n\n\n"]},"_coverageSchema":"332fd63041d2c1bcb487cc26dd0d5f7d97098a6c","hash":"5a0c55c798a522e2f51ea52e04510b64b2f05dc1"}
,"/Users/Jenny/code/github.com/sharkthefire/typescript-blog-tutorial/src/ArticleRepository.ts": {"path":"/Users/Jenny/code/github.com/sharkthefire/typescript-blog-tutorial/src/ArticleRepository.ts","statementMap":{"0":{"start":{"line":2,"column":0},"end":{"line":2,"column":62}},"1":{"start":{"line":3,"column":39},"end":{"line":26,"column":3}},"2":{"start":{"line":5,"column":8},"end":{"line":5,"column":27}},"3":{"start":{"line":7,"column":4},"end":{"line":9,"column":6}},"4":{"start":{"line":8,"column":8},"end":{"line":8,"column":36}},"5":{"start":{"line":10,"column":4},"end":{"line":18,"column":6}},"6":{"start":{"line":11,"column":27},"end":{"line":11,"column":29}},"7":{"start":{"line":12,"column":8},"end":{"line":16,"column":11}},"8":{"start":{"line":13,"column":12},"end":{"line":15,"column":13}},"9":{"start":{"line":14,"column":16},"end":{"line":14,"column":43}},"10":{"start":{"line":17,"column":8},"end":{"line":17,"column":28}},"11":{"start":{"line":19,"column":4},"end":{"line":21,"column":6}},"12":{"start":{"line":20,"column":8},"end":{"line":20,"column":29}},"13":{"start":{"line":22,"column":4},"end":{"line":24,"column":6}},"14":{"start":{"line":23,"column":8},"end":{"line":23,"column":64}},"15":{"start":{"line":25,"column":4},"end":{"line":25,"column":29}},"16":{"start":{"line":27,"column":0},"end":{"line":27,"column":36}}},"fnMap":{"0":{"name":"(anonymous_0)","decl":{"start":{"line":3,"column":39},"end":{"line":3,"column":40}},"loc":{"start":{"line":3,"column":51},"end":{"line":26,"column":1}},"line":3},"1":{"name":"ArticleRepository","decl":{"start":{"line":4,"column":13},"end":{"line":4,"column":30}},"loc":{"start":{"line":4,"column":33},"end":{"line":6,"column":5}},"line":4},"2":{"name":"(anonymous_2)","decl":{"start":{"line":7,"column":39},"end":{"line":7,"column":40}},"loc":{"start":{"line":7,"column":58},"end":{"line":9,"column":5}},"line":7},"3":{"name":"(anonymous_3)","decl":{"start":{"line":10,"column":47},"end":{"line":10,"column":48}},"loc":{"start":{"line":10,"column":65},"end":{"line":18,"column":5}},"line":10},"4":{"name":"(anonymous_4)","decl":{"start":{"line":12,"column":30},"end":{"line":12,"column":31}},"loc":{"start":{"line":12,"column":49},"end":{"line":16,"column":9}},"line":12},"5":{"name":"(anonymous_5)","decl":{"start":{"line":19,"column":42},"end":{"line":19,"column":43}},"loc":{"start":{"line":19,"column":54},"end":{"line":21,"column":5}},"line":19},"6":{"name":"(anonymous_6)","decl":{"start":{"line":22,"column":41},"end":{"line":22,"column":42}},"loc":{"start":{"line":22,"column":60},"end":{"line":24,"column":5}},"line":22}},"branchMap":{"0":{"loc":{"start":{"line":13,"column":12},"end":{"line":15,"column":13}},"type":"if","locations":[{"start":{"line":13,"column":12},"end":{"line":15,"column":13}},{"start":{"line":13,"column":12},"end":{"line":15,"column":13}}],"line":13}},"s":{"0":2,"1":2,"2":6,"3":2,"4":7,"5":2,"6":1,"7":1,"8":1,"9":1,"10":1,"11":2,"12":3,"13":2,"14":1,"15":2,"16":2},"f":{"0":2,"1":6,"2":7,"3":1,"4":1,"5":3,"6":1},"b":{"0":[1,0]},"inputSourceMap":{"version":3,"file":"ArticleRepository.js","sourceRoot":"","sources":["ArticleRepository.ts"],"names":[],"mappings":";;AAGA;IAII;QACI,IAAI,CAAC,QAAQ,GAAG,EAAE,CAAA;IACtB,CAAC;IAEM,gCAAI,GAAX,UAAY,OAAgB;QACxB,IAAI,CAAC,QAAQ,CAAC,IAAI,CAAC,OAAO,CAAC,CAAA;IAC/B,CAAC;IAEM,wCAAY,GAAnB,UAAoB,MAAc;QAE9B,IAAI,YAAY,GAAmB,EAAE,CAAA;QAErC,IAAI,CAAC,QAAQ,CAAC,OAAO,CAAC,UAAA,OAAO;YACzB,EAAE,CAAC,CAAC,OAAO,CAAC,MAAM,KAAK,MAAM,CAAC,CAAC,CAAC;gBAC5B,YAAY,CAAC,IAAI,CAAC,OAAO,CAAC,CAAA;YAC9B,CAAC;QACL,CAAC,CAAC,CAAC;QAEH,MAAM,CAAC,YAAY,CAAA;IACvB,CAAC;IAGM,mCAAO,GAAd;QACI,MAAM,CAAC,IAAI,CAAC,QAAQ,CAAA;IACxB,CAAC;IAEM,kCAAM,GAAb,UAAc,OAAgB;QAC1B,IAAI,CAAC,QAAQ,CAAC,MAAM,CAAC,IAAI,CAAC,QAAQ,CAAC,OAAO,CAAC,OAAO,CAAC,EAAE,CAAC,CAAC,CAAA;IAC3D,CAAC;IACL,wBAAC;AAAD,CAAC,AAjCD,IAiCC","sourcesContent":["import Article from './Article'\nimport Author from './Author'\n\nexport default class ArticleRepository {\n\n    private articles: Article []\n\n    public constructor() {\n        this.articles = []\n    }\n\n    public save(article: Article) {\n        this.articles.push(article)\n    }\n\n    public findByAuthor(author: Author)  {\n\n        let articleArray: Array<Article> = []\n\n        this.articles.forEach(article => {\n            if (article.author === author) {\n                articleArray.push(article)\n            }\n        });\n\n        return articleArray\n    }\n\n\n    public findAll() {\n        return this.articles\n    }\n\n    public delete(article: Article) {\n        this.articles.splice(this.articles.indexOf(article), 1)\n    }\n}"]},"_coverageSchema":"332fd63041d2c1bcb487cc26dd0d5f7d97098a6c","hash":"9d76f0b3a73a6835916780cafdc792c02ff83dd4"}
,"/Users/Jenny/code/github.com/sharkthefire/typescript-blog-tutorial/src/Author.ts": {"path":"/Users/Jenny/code/github.com/sharkthefire/typescript-blog-tutorial/src/Author.ts","statementMap":{"0":{"start":{"line":2,"column":0},"end":{"line":2,"column":62}},"1":{"start":{"line":3,"column":28},"end":{"line":9,"column":3}},"2":{"start":{"line":5,"column":8},"end":{"line":5,"column":33}},"3":{"start":{"line":6,"column":8},"end":{"line":6,"column":31}},"4":{"start":{"line":8,"column":4},"end":{"line":8,"column":18}},"5":{"start":{"line":10,"column":0},"end":{"line":10,"column":25}}},"fnMap":{"0":{"name":"(anonymous_0)","decl":{"start":{"line":3,"column":28},"end":{"line":3,"column":29}},"loc":{"start":{"line":3,"column":40},"end":{"line":9,"column":1}},"line":3},"1":{"name":"Author","decl":{"start":{"line":4,"column":13},"end":{"line":4,"column":19}},"loc":{"start":{"line":4,"column":39},"end":{"line":7,"column":5}},"line":4}},"branchMap":{},"s":{"0":5,"1":5,"2":16,"3":16,"4":5,"5":5},"f":{"0":5,"1":16},"b":{},"inputSourceMap":{"version":3,"file":"Author.js","sourceRoot":"","sources":["Author.ts"],"names":[],"mappings":";;AAAA;IAEI,gBAAmB,QAAgB,EAAS,OAAe;QAAxC,aAAQ,GAAR,QAAQ,CAAQ;QAAS,YAAO,GAAP,OAAO,CAAQ;IAAI,CAAC;IACpE,aAAC;AAAD,CAAC,AAHD,IAGC;AAED,kBAAe,MAAM,CAAA","sourcesContent":["class Author {\n\n    constructor(public forename: string, public surname: string) { }\n}\n\nexport default Author"]},"_coverageSchema":"332fd63041d2c1bcb487cc26dd0d5f7d97098a6c","hash":"0f8d897b266ca66df6825cd7174939704b83f4df"}
,"/Users/Jenny/code/github.com/sharkthefire/typescript-blog-tutorial/src/AuthorRepository.ts": {"path":"/Users/Jenny/code/github.com/sharkthefire/typescript-blog-tutorial/src/AuthorRepository.ts","statementMap":{"0":{"start":{"line":2,"column":0},"end":{"line":2,"column":62}},"1":{"start":{"line":3,"column":38},"end":{"line":22,"column":3}},"2":{"start":{"line":5,"column":8},"end":{"line":5,"column":26}},"3":{"start":{"line":7,"column":4},"end":{"line":9,"column":6}},"4":{"start":{"line":8,"column":8},"end":{"line":8,"column":34}},"5":{"start":{"line":10,"column":4},"end":{"line":14,"column":6}},"6":{"start":{"line":11,"column":8},"end":{"line":13,"column":9}},"7":{"start":{"line":12,"column":12},"end":{"line":12,"column":32}},"8":{"start":{"line":15,"column":4},"end":{"line":17,"column":6}},"9":{"start":{"line":16,"column":8},"end":{"line":16,"column":28}},"10":{"start":{"line":18,"column":4},"end":{"line":20,"column":6}},"11":{"start":{"line":19,"column":8},"end":{"line":19,"column":61}},"12":{"start":{"line":21,"column":4},"end":{"line":21,"column":28}},"13":{"start":{"line":23,"column":0},"end":{"line":23,"column":35}}},"fnMap":{"0":{"name":"(anonymous_0)","decl":{"start":{"line":3,"column":38},"end":{"line":3,"column":39}},"loc":{"start":{"line":3,"column":50},"end":{"line":22,"column":1}},"line":3},"1":{"name":"AuthorRepository","decl":{"start":{"line":4,"column":13},"end":{"line":4,"column":29}},"loc":{"start":{"line":4,"column":32},"end":{"line":6,"column":5}},"line":4},"2":{"name":"(anonymous_2)","decl":{"start":{"line":7,"column":38},"end":{"line":7,"column":39}},"loc":{"start":{"line":7,"column":56},"end":{"line":9,"column":5}},"line":7},"3":{"name":"(anonymous_3)","decl":{"start":{"line":10,"column":47},"end":{"line":10,"column":48}},"loc":{"start":{"line":10,"column":66},"end":{"line":14,"column":5}},"line":10},"4":{"name":"(anonymous_4)","decl":{"start":{"line":15,"column":41},"end":{"line":15,"column":42}},"loc":{"start":{"line":15,"column":53},"end":{"line":17,"column":5}},"line":15},"5":{"name":"(anonymous_5)","decl":{"start":{"line":18,"column":40},"end":{"line":18,"column":41}},"loc":{"start":{"line":18,"column":58},"end":{"line":20,"column":5}},"line":18}},"branchMap":{},"s":{"0":2,"1":2,"2":6,"3":2,"4":8,"5":2,"6":1,"7":1,"8":2,"9":3,"10":2,"11":1,"12":2,"13":2},"f":{"0":2,"1":6,"2":8,"3":1,"4":3,"5":1},"b":{},"inputSourceMap":{"version":3,"file":"AuthorRepository.js","sourceRoot":"","sources":["AuthorRepository.ts"],"names":[],"mappings":";;AAEA;IAII;QACI,IAAI,CAAC,OAAO,GAAG,EAAE,CAAA;IACrB,CAAC;IAEM,+BAAI,GAAX,UAAY,MAAc;QACtB,IAAI,CAAC,OAAO,CAAC,IAAI,CAAC,MAAM,CAAC,CAAA;IAC7B,CAAC;IAEM,wCAAa,GAApB,UAAqB,OAAe;QAChC,GAAG,CAAC,CAAC,OAAO,IAAI,IAAI,CAAC,OAAO,CAAC,CAAC,CAAC;YAC3B,MAAM,CAAC,IAAI,CAAC,OAAO,CAAA;QACvB,CAAC;IACL,CAAC;IAEM,kCAAO,GAAd;QACI,MAAM,CAAC,IAAI,CAAC,OAAO,CAAA;IACvB,CAAC;IAEM,iCAAM,GAAb,UAAc,MAAc;QACxB,IAAI,CAAC,OAAO,CAAC,MAAM,CAAC,IAAI,CAAC,OAAO,CAAC,OAAO,CAAC,MAAM,CAAC,EAAE,CAAC,CAAC,CAAA;IACxD,CAAC;IACL,uBAAC;AAAD,CAAC,AAzBD,IAyBC","sourcesContent":["import Author from './Author'\n\nexport default class AuthorRepository {\n\n    private authors: Author []\n\n    public constructor() {\n        this.authors = []\n    }\n\n    public save(author: Author) {\n        this.authors.push(author)\n    }\n\n    public findBySurname(surname: string) {\n        for (surname in this.authors) {\n            return this.authors\n        }\n    }\n\n    public findAll() {\n        return this.authors\n    }\n\n    public delete(author: Author) {\n        this.authors.splice(this.authors.indexOf(author), 1)\n    }\n}"]},"_coverageSchema":"332fd63041d2c1bcb487cc26dd0d5f7d97098a6c","hash":"52186e9ca6116713a27c34f7853ff3ee29c22186"}
,"/Users/Jenny/code/github.com/sharkthefire/typescript-blog-tutorial/src/BlogService.ts": {"path":"/Users/Jenny/code/github.com/sharkthefire/typescript-blog-tutorial/src/BlogService.ts","statementMap":{"0":{"start":{"line":2,"column":0},"end":{"line":2,"column":62}},"1":{"start":{"line":3,"column":15},"end":{"line":3,"column":34}},"2":{"start":{"line":4,"column":16},"end":{"line":4,"column":36}},"3":{"start":{"line":5,"column":33},"end":{"line":21,"column":3}},"4":{"start":{"line":7,"column":8},"end":{"line":7,"column":39}},"5":{"start":{"line":8,"column":8},"end":{"line":8,"column":37}},"6":{"start":{"line":10,"column":4},"end":{"line":14,"column":6}},"7":{"start":{"line":11,"column":21},"end":{"line":11,"column":60}},"8":{"start":{"line":12,"column":8},"end":{"line":12,"column":37}},"9":{"start":{"line":13,"column":8},"end":{"line":13,"column":22}},"10":{"start":{"line":15,"column":4},"end":{"line":19,"column":6}},"11":{"start":{"line":16,"column":22},"end":{"line":16,"column":101}},"12":{"start":{"line":17,"column":8},"end":{"line":17,"column":39}},"13":{"start":{"line":18,"column":8},"end":{"line":18,"column":23}},"14":{"start":{"line":20,"column":4},"end":{"line":20,"column":23}},"15":{"start":{"line":22,"column":0},"end":{"line":22,"column":30}}},"fnMap":{"0":{"name":"(anonymous_0)","decl":{"start":{"line":5,"column":33},"end":{"line":5,"column":34}},"loc":{"start":{"line":5,"column":45},"end":{"line":21,"column":1}},"line":5},"1":{"name":"BlogService","decl":{"start":{"line":6,"column":13},"end":{"line":6,"column":24}},"loc":{"start":{"line":6,"column":50},"end":{"line":9,"column":5}},"line":6},"2":{"name":"(anonymous_2)","decl":{"start":{"line":10,"column":41},"end":{"line":10,"column":42}},"loc":{"start":{"line":10,"column":70},"end":{"line":14,"column":5}},"line":10},"3":{"name":"(anonymous_3)","decl":{"start":{"line":15,"column":42},"end":{"line":15,"column":43}},"loc":{"start":{"line":15,"column":79},"end":{"line":19,"column":5}},"line":15}},"branchMap":{},"s":{"0":1,"1":1,"2":1,"3":1,"4":2,"5":2,"6":1,"7":2,"8":2,"9":2,"10":1,"11":1,"12":1,"13":1,"14":1,"15":1},"f":{"0":1,"1":2,"2":2,"3":1},"b":{},"inputSourceMap":{"version":3,"file":"BlogService.js","sourceRoot":"","sources":["BlogService.ts"],"names":[],"mappings":";;AAEA,mCAA6B;AAC7B,qCAA+B;AAE/B;IAEI,qBAA2B,WAA8B,EAAU,UAA4B;QAApE,gBAAW,GAAX,WAAW,CAAmB;QAAU,eAAU,GAAV,UAAU,CAAkB;IAAG,CAAC;IAE5F,kCAAY,GAAnB,UAAoB,QAAgB,EAAE,OAAe;QAEjD,IAAI,MAAM,GAAG,IAAI,gBAAM,CAAC,QAAQ,EAAE,OAAO,CAAC,CAAA;QAC1C,IAAI,CAAC,UAAU,CAAC,IAAI,CAAC,MAAM,CAAC,CAAA;QAC5B,MAAM,CAAC,MAAM,CAAA;IACjB,CAAC;IAEM,mCAAa,GAApB,UAAqB,MAAc,EAAE,QAAgB,EAAE,OAAe;QAElE,IAAI,OAAO,GAAG,IAAI,iBAAO,CAAC,EAAC,QAAQ,UAAA,EAAE,OAAO,SAAA,EAAE,MAAM,QAAA,EAAC,CAAC,CAAA;QACtD,IAAI,CAAC,WAAW,CAAC,IAAI,CAAC,OAAO,CAAC,CAAA;QAC9B,MAAM,CAAC,OAAO,CAAA;IAClB,CAAC;IACL,kBAAC;AAAD,CAAC,AAjBD,IAiBC","sourcesContent":["import AuthorRepository from './AuthorRepository'\nimport ArticleRepository from './ArticleRepository'\nimport Author from './Author'\nimport Article from './Article'\n\nexport default class BlogService {\n\n    public constructor(private articleRepo: ArticleRepository, private authorRepo: AuthorRepository) {}\n\n    public createAuthor(forename: string, surname: string) {\n\n        let author = new Author(forename, surname)\n        this.authorRepo.save(author)\n        return author\n    }\n\n    public createArticle(author: Author, headline: string, content: string) {\n\n        let article = new Article({headline, content, author})\n        this.articleRepo.save(article)\n        return article\n    }\n}"]},"_coverageSchema":"332fd63041d2c1bcb487cc26dd0d5f7d97098a6c","hash":"eeabcd3ba72b2b5f725e067873aa910ae410680d"}
}
