{"/Users/Jenny/code/github.com/sharkthefire/typescript-car/src/Car.ts": {"path":"/Users/Jenny/code/github.com/sharkthefire/typescript-car/src/Car.ts","statementMap":{"0":{"start":{"line":2,"column":0},"end":{"line":2,"column":62}},"1":{"start":{"line":3,"column":25},"end":{"line":14,"column":3}},"2":{"start":{"line":5,"column":8},"end":{"line":5,"column":27}},"3":{"start":{"line":6,"column":8},"end":{"line":6,"column":33}},"4":{"start":{"line":7,"column":8},"end":{"line":7,"column":37}},"5":{"start":{"line":8,"column":8},"end":{"line":8,"column":36}},"6":{"start":{"line":10,"column":4},"end":{"line":12,"column":6}},"7":{"start":{"line":11,"column":8},"end":{"line":11,"column":31}},"8":{"start":{"line":13,"column":4},"end":{"line":13,"column":15}},"9":{"start":{"line":15,"column":0},"end":{"line":15,"column":22}}},"fnMap":{"0":{"name":"(anonymous_0)","decl":{"start":{"line":3,"column":25},"end":{"line":3,"column":26}},"loc":{"start":{"line":3,"column":37},"end":{"line":14,"column":1}},"line":3},"1":{"name":"Car","decl":{"start":{"line":4,"column":13},"end":{"line":4,"column":16}},"loc":{"start":{"line":4,"column":46},"end":{"line":9,"column":5}},"line":4},"2":{"name":"(anonymous_2)","decl":{"start":{"line":10,"column":27},"end":{"line":10,"column":28}},"loc":{"start":{"line":10,"column":39},"end":{"line":12,"column":5}},"line":10}},"branchMap":{},"s":{"0":1,"1":1,"2":2,"3":2,"4":2,"5":2,"6":1,"7":1,"8":1,"9":1},"f":{"0":1,"1":2,"2":1},"b":{},"inputSourceMap":{"version":3,"file":"Car.js","sourceRoot":"","sources":["Car.ts"],"names":[],"mappings":";;AAAA;IAII,aAAoB,KAAa,EAAU,QAAgB,EAAU,UAAkB;QAAnE,UAAK,GAAL,KAAK,CAAQ;QAAU,aAAQ,GAAR,QAAQ,CAAQ;QAAU,eAAU,GAAV,UAAU,CAAQ;QACnF,IAAI,CAAC,UAAU,GAAG,SAAS,CAAA;IAC/B,CAAC;IAEM,oBAAM,GAAb;QACI,MAAM,CAAC,IAAI,CAAC,UAAU,CAAA;IAC1B,CAAC;IACL,UAAC;AAAD,CAAC,AAXD,IAWC","sourcesContent":["export default class Car {\n\n    private statusName: string\n\n    constructor(private brand: string, private maxSpeed: number, private maxMileage: number) {\n        this.statusName = 'parking'\n    }\n\n    public status(): string {\n        return this.statusName\n    }\n}\n\n"]},"_coverageSchema":"332fd63041d2c1bcb487cc26dd0d5f7d97098a6c","hash":"46b9c7a79dd3567ddaf1ed764636a973c3a97218"}
}
