TN:
SF:/Users/Jenny/code/github.com/sharkthefire/typescript-blog-tutorial/src/Article.ts
FN:3,(anonymous_0)
FN:4,Article
FN:8,(anonymous_2)
FN:15,(anonymous_3)
FN:22,(anonymous_4)
FNF:5
FNH:5
FNDA:3,(anonymous_0)
FNDA:8,Article
FNDA:1,(anonymous_2)
FNDA:1,(anonymous_3)
FNDA:2,(anonymous_4)
DA:2,3
DA:3,3
DA:5,8
DA:7,3
DA:9,1
DA:14,3
DA:16,1
DA:21,3
DA:23,2
DA:28,3
DA:30,3
LF:11
LH:11
BRF:0
BRH:0
end_of_record
TN:
SF:/Users/Jenny/code/github.com/sharkthefire/typescript-blog-tutorial/src/ArticleRepository.ts
FN:3,(anonymous_0)
FN:4,ArticleRepository
FN:7,(anonymous_2)
FN:10,(anonymous_3)
FN:12,(anonymous_4)
FN:19,(anonymous_5)
FN:22,(anonymous_6)
FNF:7
FNH:7
FNDA:2,(anonymous_0)
FNDA:6,ArticleRepository
FNDA:7,(anonymous_2)
FNDA:1,(anonymous_3)
FNDA:1,(anonymous_4)
FNDA:3,(anonymous_5)
FNDA:1,(anonymous_6)
DA:2,2
DA:3,2
DA:5,6
DA:7,2
DA:8,7
DA:10,2
DA:11,1
DA:12,1
DA:13,1
DA:14,1
DA:17,1
DA:19,2
DA:20,3
DA:22,2
DA:23,1
DA:25,2
DA:27,2
LF:17
LH:17
BRDA:13,0,0,1
BRDA:13,0,1,0
BRF:2
BRH:1
end_of_record
TN:
SF:/Users/Jenny/code/github.com/sharkthefire/typescript-blog-tutorial/src/Author.ts
FN:3,(anonymous_0)
FN:4,Author
FNF:2
FNH:2
FNDA:5,(anonymous_0)
FNDA:16,Author
DA:2,5
DA:3,5
DA:5,16
DA:6,16
DA:8,5
DA:10,5
LF:6
LH:6
BRF:0
BRH:0
end_of_record
TN:
SF:/Users/Jenny/code/github.com/sharkthefire/typescript-blog-tutorial/src/AuthorRepository.ts
FN:3,(anonymous_0)
FN:4,AuthorRepository
FN:7,(anonymous_2)
FN:10,(anonymous_3)
FN:15,(anonymous_4)
FN:18,(anonymous_5)
FNF:6
FNH:6
FNDA:2,(anonymous_0)
FNDA:6,AuthorRepository
FNDA:8,(anonymous_2)
FNDA:1,(anonymous_3)
FNDA:3,(anonymous_4)
FNDA:1,(anonymous_5)
DA:2,2
DA:3,2
DA:5,6
DA:7,2
DA:8,8
DA:10,2
DA:11,1
DA:12,1
DA:15,2
DA:16,3
DA:18,2
DA:19,1
DA:21,2
DA:23,2
LF:14
LH:14
BRF:0
BRH:0
end_of_record
TN:
SF:/Users/Jenny/code/github.com/sharkthefire/typescript-blog-tutorial/src/BlogService.ts
FN:5,(anonymous_0)
FN:6,BlogService
FN:10,(anonymous_2)
FN:15,(anonymous_3)
FNF:4
FNH:4
FNDA:1,(anonymous_0)
FNDA:2,BlogService
FNDA:2,(anonymous_2)
FNDA:1,(anonymous_3)
DA:2,1
DA:3,1
DA:4,1
DA:5,1
DA:7,2
DA:8,2
DA:10,1
DA:11,2
DA:12,2
DA:13,2
DA:15,1
DA:16,1
DA:17,1
DA:18,1
DA:20,1
DA:22,1
LF:16
LH:16
BRF:0
BRH:0
end_of_record
